<?xml version="1.0" encoding="UTF-8"?>
<!-- Generated by org.testng.reporters.JUnitReportReporter -->
<testsuite hostname="CPU-30" name="com.selenium.AdvancedProgramm.toolQaDownload" tests="1" failures="0" timestamp="10 Jan 2018 13:35:20 GMT" time="32.418" errors="0">
  <testcase name="testDownload" time="32.418" classname="com.selenium.AdvancedProgramm.toolQaDownload"/>
</testsuite> <!-- com.selenium.AdvancedProgramm.toolQaDownload -->
