<?xml version="1.0" encoding="UTF-8"?>
<!-- Generated by org.testng.reporters.JUnitReportReporter -->
<testsuite hostname="CPU-30" name="com.Datadriven.LogiWithInvalid" tests="6" failures="0" timestamp="23 Feb 2017 13:08:41 GMT" time="180.571" errors="0">
  <testcase name="Method4" time="29.565" classname="com.Datadriven.LogiWithInvalid"/>
  <testcase name="Method1" time="33.371" classname="com.Datadriven.LogiWithInvalid"/>
  <testcase name="Method3" time="28.223" classname="com.Datadriven.LogiWithInvalid"/>
  <testcase name="Method2" time="29.984" classname="com.Datadriven.LogiWithInvalid"/>
  <testcase name="Method5" time="29.556" classname="com.Datadriven.LogiWithInvalid"/>
  <testcase name="Method6" time="29.872" classname="com.Datadriven.LogiWithInvalid"/>
</testsuite> <!-- com.Datadriven.LogiWithInvalid -->
