<?xml version="1.0" encoding="UTF-8"?>
<!-- Generated by org.testng.reporters.JUnitReportReporter -->
<testsuite hostname="CPU-30" name="com.basic.MyAnnotations" tests="1" failures="0" timestamp="29 Aug 2017 14:51:48 GMT" time="0.029" errors="0">
  <testcase name="TestMethod1" time="0.029" classname="com.basic.MyAnnotations"/>
</testsuite> <!-- com.basic.MyAnnotations -->
