<?xml version="1.0" encoding="UTF-8"?>
<!-- Generated by org.testng.reporters.JUnitReportReporter -->
<testsuite hostname="CPU-30" name="com.basic.Annotations1" tests="1" failures="0" timestamp="28 Mar 2017 08:53:01 GMT" time="0.000" errors="0">
  <testcase name="MyTestMethod" time="0.000" classname="com.basic.Annotations1"/>
</testsuite> <!-- com.basic.Annotations1 -->
