<?xml version="1.0" encoding="UTF-8"?>
<!-- Generated by org.testng.reporters.JUnitReportReporter -->
<testsuite hostname="CPU-30" name="com.selenium.AdvancedProgramm.TestDownload" tests="1" failures="0" timestamp="11 Jan 2018 06:54:46 GMT" time="26.408" errors="0">
  <testcase name="testFirefoxDownloadPopup" time="26.408" classname="com.selenium.AdvancedProgramm.TestDownload"/>
</testsuite> <!-- com.selenium.AdvancedProgramm.TestDownload -->
