<?xml version="1.0" encoding="UTF-8"?>
<!-- Generated by org.testng.reporters.JUnitReportReporter -->
<testsuite hostname="CPU-30" name="com.testScripts.loginTestScript" tests="1" failures="0" timestamp="1 Jun 2017 10:17:44 GMT" time="18.219" errors="0">
  <testcase name="OpenBrowser" time="18.219" classname="com.testScripts.loginTestScript"/>
</testsuite> <!-- com.testScripts.loginTestScript -->
