<?xml version="1.0" encoding="UTF-8"?>
<!-- Generated by org.testng.reporters.JUnitReportReporter -->
<testsuite hostname="CPU-30" name="com.Utiliy.ReadExcelData" tests="1" failures="0" timestamp="15 Feb 2017 13:57:46 GMT" time="0.231" errors="0">
  <testcase name="MyData" time="0.231" classname="com.Utiliy.ReadExcelData"/>
</testsuite> <!-- com.Utiliy.ReadExcelData -->
