<?xml version="1.0" encoding="UTF-8"?>
<!-- Generated by org.testng.reporters.JUnitReportReporter -->
<testsuite hostname="CPU-30" name="com.Datadriven.MyLogin" tests="2" failures="0" timestamp="28 May 2018 15:25:57 GMT" time="0.016" errors="0">
  <testcase name="Login" time="0.000" classname="com.Datadriven.MyLogin"/>
  <testcase name="Login" time="0.016" classname="com.Datadriven.MyLogin"/>
</testsuite> <!-- com.Datadriven.MyLogin -->
