<?xml version="1.0" encoding="UTF-8"?>
<!-- Generated by org.testng.reporters.JUnitReportReporter -->
<testsuite hostname="CPU-30" name="com.pages.objectModel.myLoginpage" tests="1" failures="0" timestamp="1 Jun 2017 10:12:40 GMT" time="19.088" errors="0">
  <testcase name="OpenBrowser" time="19.088" classname="com.pages.objectModel.myLoginpage"/>
</testsuite> <!-- com.pages.objectModel.myLoginpage -->
