<?xml version="1.0" encoding="UTF-8"?>
<!-- Generated by org.testng.reporters.JUnitReportReporter -->
<testsuite hostname="CPU-30" name="com.AdvancedProgramm.MyDatabaseConnection" tests="1" failures="0" timestamp="22 Jun 2017 11:57:45 GMT" time="0.402" errors="0">
  <testcase name="myDbconnection" time="0.402" classname="com.AdvancedProgramm.MyDatabaseConnection"/>
</testsuite> <!-- com.AdvancedProgramm.MyDatabaseConnection -->
