<?xml version="1.0" encoding="UTF-8"?>
<!-- Generated by org.testng.reporters.JUnitReportReporter -->
<testsuite hostname="CPU-30" name="com.AdvancedProgramm.MyTable" tests="1" failures="0" timestamp="16 Jun 2017 09:30:42 GMT" time="35.806" errors="0">
  <testcase name="LaunchBrowser" time="35.806" classname="com.AdvancedProgramm.MyTable"/>
</testsuite> <!-- com.AdvancedProgramm.MyTable -->
