<?xml version="1.0" encoding="UTF-8"?>
<!-- Generated by org.testng.reporters.JUnitReportReporter -->
<testsuite hostname="CPU-30" name="com.selenium.AdvancedProgramm.MyDownload2" tests="1" failures="0" timestamp="10 Jan 2018 13:01:04 GMT" time="73.641" errors="0">
  <testcase name="Download" time="73.641" classname="com.selenium.AdvancedProgramm.MyDownload2"/>
</testsuite> <!-- com.selenium.AdvancedProgramm.MyDownload2 -->
