<?xml version="1.0" encoding="UTF-8"?>
<!-- Generated by org.testng.reporters.JUnitReportReporter -->
<testsuite hostname="CPU-30" name="com.basic.MouseRightClick" tests="1" failures="0" timestamp="12 Apr 2018 09:33:55 GMT" time="19.776" errors="0">
  <testcase name="RightClickWithMouse" time="19.776" classname="com.basic.MouseRightClick"/>
</testsuite> <!-- com.basic.MouseRightClick -->
