<?xml version="1.0" encoding="UTF-8"?>
<!-- Generated by org.testng.reporters.JUnitReportReporter -->
<testsuite hostname="CPU-30" name="com.AdvancedProgramm.UploadFileWithRobot" tests="1" failures="0" timestamp="25 May 2017 10:28:57 GMT" time="12.061" errors="0">
  <testcase name="UplaodFile" time="12.061" classname="com.AdvancedProgramm.UploadFileWithRobot"/>
</testsuite> <!-- com.AdvancedProgramm.UploadFileWithRobot -->
