<?xml version="1.0" encoding="UTF-8"?>
<!-- Generated by org.testng.reporters.JUnitReportReporter -->
<testsuite hostname="CPU-30" name="com.AdvancedProgramm.MyPropertiesFile" tests="1" failures="0" timestamp="25 May 2017 09:30:27 GMT" time="0.053" errors="0">
  <testcase name="method" time="0.053" classname="com.AdvancedProgramm.MyPropertiesFile"/>
</testsuite> <!-- com.AdvancedProgramm.MyPropertiesFile -->
