<?xml version="1.0" encoding="UTF-8"?>
<!-- Generated by org.testng.reporters.JUnitReportReporter -->
<testsuite hostname="CPU-30" name="com.selenium.AdvancedProgramm.MyDatabaseConnection" tests="1" failures="0" timestamp="12 Jan 2018 07:22:09 GMT" time="0.338" errors="0">
  <testcase name="myDbconnection" time="0.338" classname="com.selenium.AdvancedProgramm.MyDatabaseConnection"/>
</testsuite> <!-- com.selenium.AdvancedProgramm.MyDatabaseConnection -->
