<?xml version="1.0" encoding="UTF-8"?>
<!-- Generated by org.testng.reporters.JUnitReportReporter -->
<testsuite hostname="ICPL13449" name="com.selenium.testng.MyAnnotations" tests="2" failures="0" timestamp="9 Aug 2019 13:45:10 GMT" time="0.008" errors="0">
  <testcase name="method2" time="0.002" classname="com.selenium.testng.MyAnnotations"/>
  <testcase name="method3" time="0.006" classname="com.selenium.testng.MyAnnotations"/>
</testsuite> <!-- com.selenium.testng.MyAnnotations -->
