<?xml version="1.0" encoding="UTF-8"?>
<!-- Generated by org.testng.reporters.JUnitReportReporter -->
<testsuite hostname="ICPL13449" name="com.selenium.testng.ParallelTestCases" tests="2" failures="0" timestamp="9 Aug 2019 14:00:40 GMT" time="0.020" errors="0">
  <testcase name="method2" time="0.010" classname="com.selenium.testng.ParallelTestCases"/>
  <testcase name="Method1" time="0.010" classname="com.selenium.testng.ParallelTestCases"/>
</testsuite> <!-- com.selenium.testng.ParallelTestCases -->
