<?xml version="1.0" encoding="UTF-8"?>
<!-- Generated by org.testng.reporters.JUnitReportReporter -->
<testsuite hostname="CPU-30" name="com.AdvancedProgramm.MyDownload2" tests="1" failures="1" timestamp="21 Feb 2017 07:18:17 GMT" time="58.980" errors="0">
  <testcase name="Download" time="58.980" classname="com.AdvancedProgramm.MyDownload2">
    <failure type="org.openqa.selenium.WebDriverException" message="Failed to connect to binary FirefoxBinary(C:\Program Files\Mozilla Firefox\firefox.exe) on port 7055; process output follows: 
85-3208198ce6fd}&quot;,&quot;mtime&quot;:1484571819471,&quot;rdfTime&quot;:1415924238000}}},{&quot;name&quot;:&quot;app-profile&quot;,&quot;addons&quot;:{&quot;fxdriver@googlecode.com&quot;:{&quot;descriptor&quot;:&quot;C:\\Users\\milindt\\AppData\\Local\\Temp\\anonymous1785993088697632678webdriver-profile\\extensions\\fxdriver@googlecode.com&quot;,&quot;mtime&quot;:1487661380271,&quot;rdfTime&quot;:1487661378839}}}]
1487661381087	addons.xpi-utils	DEBUG	Opening XPI database C:\Users\milindt\AppData\Local\Temp\anonymous1785993088697632678webdriver-profile\extensions.json
1487661381088	addons.xpi	DEBUG	New add-on fxdriver@googlecode.com installed in app-profile
*** Blocklist::_loadBlocklistFromFile: blocklist is disabled
1487661381231	addons.xpi-utils	DEBUG	Make addon app-profile:fxdriver@googlecode.com visible
1487661381233	DeferredSave.extensions.json	DEBUG	Save changes
1487661381233	DeferredSave.extensions.json	DEBUG	Save changes
1487661381234	addons.xpi	DEBUG	New add-on {972ce4c6-7e08-4474-a285-3208198ce6fd} installed in app-global
1487661381253	addons.xpi-utils	DEBUG	Make addon app-global:{972ce4c6-7e08-4474-a285-3208198ce6fd} visible
1487661381253	DeferredSave.extensions.json	DEBUG	Save changes
1487661381253	DeferredSave.extensions.json	DEBUG	Save changes
1487661381266	addons.xpi	DEBUG	Updating database with changes to installed add-ons
1487661381266	addons.xpi-utils	DEBUG	Updating add-on states
1487661381267	addons.xpi-utils	DEBUG	Writing add-ons list
1487661381300	addons.manager	DEBUG	Registering shutdown blocker for XPIProvider
1487661381301	addons.manager	DEBUG	Registering shutdown blocker for LightweightThemeManager
1487661381304	addons.manager	DEBUG	Registering shutdown blocker for OpenH264Provider
1487661381304	addons.manager	DEBUG	Registering shutdown blocker for PluginProvider
1487661382742	DeferredSave.extensions.json	DEBUG	Starting timer
1487661382842	addons.manager	DEBUG	shutdown
1487661382843	addons.manager	DEBUG	Calling shutdown blocker for XPIProvider
1487661382843	addons.xpi	DEBUG	shutdown
1487661382843	addons.xpi-utils	DEBUG	shutdown
1487661382845	addons.manager	DEBUG	Calling shutdown blocker for LightweightThemeManager
1487661382846	addons.manager	DEBUG	Calling shutdown blocker for OpenH264Provider
1487661382848	addons.manager	DEBUG	Calling shutdown blocker for PluginProvider
1487661382854	DeferredSave.extensions.json	DEBUG	Starting write
1487661383407	DeferredSave.extensions.json	DEBUG	Write succeeded
1487661383407	addons.xpi-utils	DEBUG	XPI Database saved, setting schema version preference to 16
1487661383407	addons.xpi	DEBUG	Notifying XPI shutdown observers
1487661383410	addons.manager	DEBUG	Async provider shutdown done
1487661384616	addons.manager	DEBUG	Loaded provider scope for resource://gre/modules/addons/XPIProvider.jsm: [&quot;XPIProvider&quot;]
1487661384617	addons.manager	DEBUG	Loaded provider scope for resource://gre/modules/LightweightThemeManager.jsm: [&quot;LightweightThemeManager&quot;]
1487661384621	addons.xpi	DEBUG	startup
1487661384621	addons.xpi	DEBUG	Skipping unavailable install location app-system-local
1487661384622	addons.xpi	DEBUG	Skipping unavailable install location app-system-share
1487661384622	addons.xpi	INFO	Mapping {972ce4c6-7e08-4474-a285-3208198ce6fd} to C:\Program Files\Mozilla Firefox\browser\extensions\{972ce4c6-7e08-4474-a285-3208198ce6fd}
1487661384623	addons.xpi	INFO	Mapping fxdriver@googlecode.com to C:\Users\milindt\AppData\Local\Temp\anonymous1785993088697632678webdriver-profile\extensions\fxdriver@googlecode.com
1487661384623	addons.xpi	DEBUG	Ignoring file entry whose name is not a valid add-on ID: C:\Users\milindt\AppData\Local\Temp\anonymous1785993088697632678webdriver-profile\extensions\webdriver-staging
1487661384624	addons.xpi	DEBUG	checkForChanges
1487661384637	addons.xpi	DEBUG	No changes found
1487661384639	addons.manager	DEBUG	Registering shutdown blocker for XPIProvider
1487661384639	addons.manager	DEBUG	Registering shutdown blocker for LightweightThemeManager
1487661384641	addons.manager	DEBUG	Registering shutdown blocker for OpenH264Provider
1487661384641	addons.manager	DEBUG	Registering shutdown blocker for PluginProvider

Build info: version: &#039;2.45.0&#039;, revision: &#039;5017cb8&#039;, time: &#039;2015-02-26 23:59:50&#039;
System info: host: &#039;CPU-30&#039;, ip: &#039;192.168.0.49&#039;, os.name: &#039;Windows 8&#039;, os.arch: &#039;x86&#039;, os.version: &#039;6.2&#039;, java.version: &#039;1.8.0_111&#039;
Driver info: driver.version: FirefoxDriver">
      <![CDATA[org.openqa.selenium.WebDriverException: Failed to connect to binary FirefoxBinary(C:\Program Files\Mozilla Firefox\firefox.exe) on port 7055; process output follows: 
85-3208198ce6fd}","mtime":1484571819471,"rdfTime":1415924238000}}},{"name":"app-profile","addons":{"fxdriver@googlecode.com":{"descriptor":"C:\\Users\\milindt\\AppData\\Local\\Temp\\anonymous1785993088697632678webdriver-profile\\extensions\\fxdriver@googlecode.com","mtime":1487661380271,"rdfTime":1487661378839}}}]
1487661381087	addons.xpi-utils	DEBUG	Opening XPI database C:\Users\milindt\AppData\Local\Temp\anonymous1785993088697632678webdriver-profile\extensions.json
1487661381088	addons.xpi	DEBUG	New add-on fxdriver@googlecode.com installed in app-profile
*** Blocklist::_loadBlocklistFromFile: blocklist is disabled
1487661381231	addons.xpi-utils	DEBUG	Make addon app-profile:fxdriver@googlecode.com visible
1487661381233	DeferredSave.extensions.json	DEBUG	Save changes
1487661381233	DeferredSave.extensions.json	DEBUG	Save changes
1487661381234	addons.xpi	DEBUG	New add-on {972ce4c6-7e08-4474-a285-3208198ce6fd} installed in app-global
1487661381253	addons.xpi-utils	DEBUG	Make addon app-global:{972ce4c6-7e08-4474-a285-3208198ce6fd} visible
1487661381253	DeferredSave.extensions.json	DEBUG	Save changes
1487661381253	DeferredSave.extensions.json	DEBUG	Save changes
1487661381266	addons.xpi	DEBUG	Updating database with changes to installed add-ons
1487661381266	addons.xpi-utils	DEBUG	Updating add-on states
1487661381267	addons.xpi-utils	DEBUG	Writing add-ons list
1487661381300	addons.manager	DEBUG	Registering shutdown blocker for XPIProvider
1487661381301	addons.manager	DEBUG	Registering shutdown blocker for LightweightThemeManager
1487661381304	addons.manager	DEBUG	Registering shutdown blocker for OpenH264Provider
1487661381304	addons.manager	DEBUG	Registering shutdown blocker for PluginProvider
1487661382742	DeferredSave.extensions.json	DEBUG	Starting timer
1487661382842	addons.manager	DEBUG	shutdown
1487661382843	addons.manager	DEBUG	Calling shutdown blocker for XPIProvider
1487661382843	addons.xpi	DEBUG	shutdown
1487661382843	addons.xpi-utils	DEBUG	shutdown
1487661382845	addons.manager	DEBUG	Calling shutdown blocker for LightweightThemeManager
1487661382846	addons.manager	DEBUG	Calling shutdown blocker for OpenH264Provider
1487661382848	addons.manager	DEBUG	Calling shutdown blocker for PluginProvider
1487661382854	DeferredSave.extensions.json	DEBUG	Starting write
1487661383407	DeferredSave.extensions.json	DEBUG	Write succeeded
1487661383407	addons.xpi-utils	DEBUG	XPI Database saved, setting schema version preference to 16
1487661383407	addons.xpi	DEBUG	Notifying XPI shutdown observers
1487661383410	addons.manager	DEBUG	Async provider shutdown done
1487661384616	addons.manager	DEBUG	Loaded provider scope for resource://gre/modules/addons/XPIProvider.jsm: ["XPIProvider"]
1487661384617	addons.manager	DEBUG	Loaded provider scope for resource://gre/modules/LightweightThemeManager.jsm: ["LightweightThemeManager"]
1487661384621	addons.xpi	DEBUG	startup
1487661384621	addons.xpi	DEBUG	Skipping unavailable install location app-system-local
1487661384622	addons.xpi	DEBUG	Skipping unavailable install location app-system-share
1487661384622	addons.xpi	INFO	Mapping {972ce4c6-7e08-4474-a285-3208198ce6fd} to C:\Program Files\Mozilla Firefox\browser\extensions\{972ce4c6-7e08-4474-a285-3208198ce6fd}
1487661384623	addons.xpi	INFO	Mapping fxdriver@googlecode.com to C:\Users\milindt\AppData\Local\Temp\anonymous1785993088697632678webdriver-profile\extensions\fxdriver@googlecode.com
1487661384623	addons.xpi	DEBUG	Ignoring file entry whose name is not a valid add-on ID: C:\Users\milindt\AppData\Local\Temp\anonymous1785993088697632678webdriver-profile\extensions\webdriver-staging
1487661384624	addons.xpi	DEBUG	checkForChanges
1487661384637	addons.xpi	DEBUG	No changes found
1487661384639	addons.manager	DEBUG	Registering shutdown blocker for XPIProvider
1487661384639	addons.manager	DEBUG	Registering shutdown blocker for LightweightThemeManager
1487661384641	addons.manager	DEBUG	Registering shutdown blocker for OpenH264Provider
1487661384641	addons.manager	DEBUG	Registering shutdown blocker for PluginProvider

Build info: version: '2.45.0', revision: '5017cb8', time: '2015-02-26 23:59:50'
System info: host: 'CPU-30', ip: '192.168.0.49', os.name: 'Windows 8', os.arch: 'x86', os.version: '6.2', java.version: '1.8.0_111'
Driver info: driver.version: FirefoxDriver
	at org.openqa.selenium.firefox.internal.NewProfileExtensionConnection.start(NewProfileExtensionConnection.java:130)
	at org.openqa.selenium.firefox.FirefoxDriver.startClient(FirefoxDriver.java:246)
	at org.openqa.selenium.remote.RemoteWebDriver.<init>(RemoteWebDriver.java:114)
	at org.openqa.selenium.firefox.FirefoxDriver.<init>(FirefoxDriver.java:193)
	at org.openqa.selenium.firefox.FirefoxDriver.<init>(FirefoxDriver.java:186)
	at org.openqa.selenium.firefox.FirefoxDriver.<init>(FirefoxDriver.java:182)
	at org.openqa.selenium.firefox.FirefoxDriver.<init>(FirefoxDriver.java:99)
	at com.AdvancedProgramm.MyDownload2.Download(MyDownload2.java:34)
	at sun.reflect.NativeMethodAccessorImpl.invoke0(Native Method)
	at sun.reflect.NativeMethodAccessorImpl.invoke(Unknown Source)
	at sun.reflect.DelegatingMethodAccessorImpl.invoke(Unknown Source)
	at java.lang.reflect.Method.invoke(Unknown Source)
	at org.testng.internal.MethodInvocationHelper.invokeMethod(MethodInvocationHelper.java:85)
	at org.testng.internal.Invoker.invokeMethod(Invoker.java:696)
	at org.testng.internal.Invoker.invokeTestMethod(Invoker.java:882)
	at org.testng.internal.Invoker.invokeTestMethods(Invoker.java:1189)
	at org.testng.internal.TestMethodWorker.invokeTestMethods(TestMethodWorker.java:124)
	at org.testng.internal.TestMethodWorker.run(TestMethodWorker.java:108)
	at org.testng.TestRunner.privateRun(TestRunner.java:767)
	at org.testng.TestRunner.run(TestRunner.java:617)
	at org.testng.SuiteRunner.runTest(SuiteRunner.java:348)
	at org.testng.SuiteRunner.runSequentially(SuiteRunner.java:343)
	at org.testng.SuiteRunner.privateRun(SuiteRunner.java:305)
	at org.testng.SuiteRunner.run(SuiteRunner.java:254)
	at org.testng.SuiteRunnerWorker.runSuite(SuiteRunnerWorker.java:52)
	at org.testng.SuiteRunnerWorker.run(SuiteRunnerWorker.java:86)
	at org.testng.TestNG.runSuitesSequentially(TestNG.java:1224)
	at org.testng.TestNG.runSuitesLocally(TestNG.java:1149)
	at org.testng.TestNG.run(TestNG.java:1057)
	at org.testng.remote.RemoteTestNG.run(RemoteTestNG.java:111)
	at org.testng.remote.RemoteTestNG.initAndRun(RemoteTestNG.java:204)
	at org.testng.remote.RemoteTestNG.main(RemoteTestNG.java:175)
Caused by: org.openqa.selenium.firefox.NotConnectedException: Unable to connect to host 127.0.0.1 on port 7055 after 45000 ms. Firefox console output:
85-3208198ce6fd}","mtime":1484571819471,"rdfTime":1415924238000}}},{"name":"app-profile","addons":{"fxdriver@googlecode.com":{"descriptor":"C:\\Users\\milindt\\AppData\\Local\\Temp\\anonymous1785993088697632678webdriver-profile\\extensions\\fxdriver@googlecode.com","mtime":1487661380271,"rdfTime":1487661378839}}}]
1487661381087	addons.xpi-utils	DEBUG	Opening XPI database C:\Users\milindt\AppData\Local\Temp\anonymous1785993088697632678webdriver-profile\extensions.json
1487661381088	addons.xpi	DEBUG	New add-on fxdriver@googlecode.com installed in app-profile
*** Blocklist::_loadBlocklistFromFile: blocklist is disabled
1487661381231	addons.xpi-utils	DEBUG	Make addon app-profile:fxdriver@googlecode.com visible
1487661381233	DeferredSave.extensions.json	DEBUG	Save changes
1487661381233	DeferredSave.extensions.json	DEBUG	Save changes
1487661381234	addons.xpi	DEBUG	New add-on {972ce4c6-7e08-4474-a285-3208198ce6fd} installed in app-global
1487661381253	addons.xpi-utils	DEBUG	Make addon app-global:{972ce4c6-7e08-4474-a285-3208198ce6fd} visible
1487661381253	DeferredSave.extensions.json	DEBUG	Save changes
1487661381253	DeferredSave.extensions.json	DEBUG	Save changes
1487661381266	addons.xpi	DEBUG	Updating database with changes to installed add-ons
1487661381266	addons.xpi-utils	DEBUG	Updating add-on states
1487661381267	addons.xpi-utils	DEBUG	Writing add-ons list
1487661381300	addons.manager	DEBUG	Registering shutdown blocker for XPIProvider
1487661381301	addons.manager	DEBUG	Registering shutdown blocker for LightweightThemeManager
1487661381304	addons.manager	DEBUG	Registering shutdown blocker for OpenH264Provider
1487661381304	addons.manager	DEBUG	Registering shutdown blocker for PluginProvider
1487661382742	DeferredSave.extensions.json	DEBUG	Starting timer
1487661382842	addons.manager	DEBUG	shutdown
1487661382843	addons.manager	DEBUG	Calling shutdown blocker for XPIProvider
1487661382843	addons.xpi	DEBUG	shutdown
1487661382843	addons.xpi-utils	DEBUG	shutdown
1487661382845	addons.manager	DEBUG	Calling shutdown blocker for LightweightThemeManager
1487661382846	addons.manager	DEBUG	Calling shutdown blocker for OpenH264Provider
1487661382848	addons.manager	DEBUG	Calling shutdown blocker for PluginProvider
1487661382854	DeferredSave.extensions.json	DEBUG	Starting write
1487661383407	DeferredSave.extensions.json	DEBUG	Write succeeded
1487661383407	addons.xpi-utils	DEBUG	XPI Database saved, setting schema version preference to 16
1487661383407	addons.xpi	DEBUG	Notifying XPI shutdown observers
1487661383410	addons.manager	DEBUG	Async provider shutdown done
1487661384616	addons.manager	DEBUG	Loaded provider scope for resource://gre/modules/addons/XPIProvider.jsm: ["XPIProvider"]
1487661384617	addons.manager	DEBUG	Loaded provider scope for resource://gre/modules/LightweightThemeManager.jsm: ["LightweightThemeManager"]
1487661384621	addons.xpi	DEBUG	startup
1487661384621	addons.xpi	DEBUG	Skipping unavailable install location app-system-local
1487661384622	addons.xpi	DEBUG	Skipping unavailable install location app-system-share
1487661384622	addons.xpi	INFO	Mapping {972ce4c6-7e08-4474-a285-3208198ce6fd} to C:\Program Files\Mozilla Firefox\browser\extensions\{972ce4c6-7e08-4474-a285-3208198ce6fd}
1487661384623	addons.xpi	INFO	Mapping fxdriver@googlecode.com to C:\Users\milindt\AppData\Local\Temp\anonymous1785993088697632678webdriver-profile\extensions\fxdriver@googlecode.com
1487661384623	addons.xpi	DEBUG	Ignoring file entry whose name is not a valid add-on ID: C:\Users\milindt\AppData\Local\Temp\anonymous1785993088697632678webdriver-profile\extensions\webdriver-staging
1487661384624	addons.xpi	DEBUG	checkForChanges
1487661384637	addons.xpi	DEBUG	No changes found
1487661384639	addons.manager	DEBUG	Registering shutdown blocker for XPIProvider
1487661384639	addons.manager	DEBUG	Registering shutdown blocker for LightweightThemeManager
1487661384641	addons.manager	DEBUG	Registering shutdown blocker for OpenH264Provider
1487661384641	addons.manager	DEBUG	Registering shutdown blocker for PluginProvider

	at org.openqa.selenium.firefox.internal.NewProfileExtensionConnection.start(NewProfileExtensionConnection.java:118)
	... 31 more
]]>
    </failure>
  </testcase> <!-- Download -->
</testsuite> <!-- com.AdvancedProgramm.MyDownload2 -->
