<?xml version="1.0" encoding="UTF-8"?>
<!-- Generated by org.testng.reporters.JUnitReportReporter -->
<testsuite hostname="CPU-30" name="com.Utiliy.ExcelReader" tests="1" failures="0" timestamp="20 Feb 2017 11:40:52 GMT" time="0.250" errors="0">
  <testcase name="MyExcelReader" time="0.250" classname="com.Utiliy.ExcelReader"/>
</testsuite> <!-- com.Utiliy.ExcelReader -->
