<?xml version="1.0" encoding="UTF-8"?>
<!-- Generated by org.testng.reporters.JUnitReportReporter -->
<testsuite hostname="CPU-30" name="com.basic.MyDragAndDrop" tests="2" failures="0" timestamp="7 Apr 2017 11:55:44 GMT" time="39.697" errors="0">
  <testcase name="DragAndDrop" time="16.297" classname="com.basic.MyDragAndDrop"/>
  <testcase name="LaunchBrowser" time="23.400" classname="com.basic.MyDragAndDrop"/>
</testsuite> <!-- com.basic.MyDragAndDrop -->
