<?xml version="1.0" encoding="UTF-8"?>
<!-- Generated by org.testng.reporters.JUnitReportReporter -->
<testsuite hostname="CPU-30" name="com.AdvancedProgramm.MyRobotClass$FileUpload" tests="1" failures="0" timestamp="8 May 2017 12:00:24 GMT" time="26.092" errors="0">
  <testcase name="Fileupload" time="26.092" classname="com.AdvancedProgramm.MyRobotClass$FileUpload"/>
</testsuite> <!-- com.AdvancedProgramm.MyRobotClass$FileUpload -->
