<?xml version="1.0" encoding="UTF-8"?>
<!-- Generated by org.testng.reporters.JUnitReportReporter -->
<testsuite hostname="CPU-30" name="com.basic.MyWindow" tests="1" failures="0" timestamp="10 Apr 2017 09:31:38 GMT" time="45.154" errors="0">
  <testcase name="MyWindow" time="45.154" classname="com.basic.MyWindow"/>
</testsuite> <!-- com.basic.MyWindow -->
