<?xml version="1.0" encoding="UTF-8"?>
<!-- Generated by org.testng.reporters.JUnitReportReporter -->
<testsuite hostname="CPU-30" name="exceDataConfig.Excelib" tests="3" failures="0" timestamp="16 Feb 2017 10:22:53 GMT" time="0.234" errors="0">
  <testcase name="SetExcel" time="0.234" classname="exceDataConfig.Excelib"/>
  <testcase name="getData" time="0.000" classname="exceDataConfig.Excelib"/>
  <testcase name="getRowCount" time="0.000" classname="exceDataConfig.Excelib"/>
</testsuite> <!-- exceDataConfig.Excelib -->
