<?xml version="1.0" encoding="UTF-8"?>
<!-- Generated by org.testng.reporters.JUnitReportReporter -->
<testsuite hostname="CPU-30" name="com.testng.demos.SingleClassTest" tests="3" failures="0" timestamp="29 Aug 2017 13:24:15 GMT" time="0.017" errors="0">
  <testcase name="method1" time="0.014" classname="com.testng.demos.SingleClassTest"/>
  <testcase name="method3" time="0.001" classname="com.testng.demos.SingleClassTest"/>
  <testcase name="method2" time="0.002" classname="com.testng.demos.SingleClassTest"/>
</testsuite> <!-- com.testng.demos.SingleClassTest -->
