<?xml version="1.0" encoding="UTF-8"?>
<!-- Generated by org.testng.reporters.JUnitReportReporter -->
<testsuite hostname="CPU-30" name="com.selenium.AdvancedProgramm.MyDownloadFile" tests="1" failures="0" timestamp="10 Jan 2018 12:55:38 GMT" time="32.217" errors="0">
  <testcase name="DownlaodFile" time="32.217" classname="com.selenium.AdvancedProgramm.MyDownloadFile"/>
</testsuite> <!-- com.selenium.AdvancedProgramm.MyDownloadFile -->
