<?xml version="1.0" encoding="UTF-8"?>
<!-- Generated by org.testng.reporters.JUnitReportReporter -->
<testsuite hostname="CPU-30" name="com.testng.demos.TestScript_Grouping" tests="1" failures="0" timestamp="4 Sep 2017 10:21:05 GMT" time="0.016" errors="0">
  <testcase name="method3" time="0.016" classname="com.testng.demos.TestScript_Grouping"/>
</testsuite> <!-- com.testng.demos.TestScript_Grouping -->
