<?xml version="1.0" encoding="UTF-8"?>
<!-- Generated by org.testng.reporters.JUnitReportReporter -->
<testsuite hostname="CPU-30" name="com.testng.demos.ParallelTestCases" tests="2" failures="0" timestamp="4 Sep 2017 10:49:01 GMT" time="0.032" errors="0">
  <testcase name="method2" time="0.016" classname="com.testng.demos.ParallelTestCases"/>
  <testcase name="Method1" time="0.016" classname="com.testng.demos.ParallelTestCases"/>
</testsuite> <!-- com.testng.demos.ParallelTestCases -->
