<?xml version="1.0" encoding="UTF-8"?>
<!-- Generated by org.testng.reporters.JUnitReportReporter -->
<testsuite hostname="CPU-30" name="com.AdvancedProgramm.MyDownloadFile" tests="1" failures="0" timestamp="9 Aug 2017 09:21:11 GMT" time="23.418" errors="0">
  <testcase name="DownlaodFile" time="23.418" classname="com.AdvancedProgramm.MyDownloadFile"/>
</testsuite> <!-- com.AdvancedProgramm.MyDownloadFile -->
