<?xml version="1.0" encoding="UTF-8"?>
<!-- Generated by org.testng.reporters.JUnitReportReporter -->
<testsuite hostname="CPU-30" name="com.basic.DownloadFile" tests="1" failures="0" timestamp="7 Apr 2017 15:29:49 GMT" time="26.450" errors="0">
  <testcase name="MyFile" time="26.450" classname="com.basic.DownloadFile"/>
</testsuite> <!-- com.basic.DownloadFile -->
