<?xml version="1.0" encoding="UTF-8"?>
<!-- Generated by org.testng.reporters.JUnitReportReporter -->
<testsuite hostname="CPU-30" name="com.AdvancedProgramm.MyFileUploadWithAutoIt" tests="1" failures="0" timestamp="28 Mar 2017 10:38:08 GMT" time="38.181" errors="0">
  <testcase name="launchBrowser" time="38.181" classname="com.AdvancedProgramm.MyFileUploadWithAutoIt"/>
</testsuite> <!-- com.AdvancedProgramm.MyFileUploadWithAutoIt -->
